{"C:\\Users\\Darshan\\intern-training\\intern-project\\knexfile.js": {"path":"C:\\Users\\Darshan\\intern-training\\intern-project\\knexfile.js","statementMap":{"0":{"start":{"line":1,"column":0},"end":{"line":32,"column":2}}},"fnMap":{},"branchMap":{},"s":{"0":1},"f":{},"b":{},"_coverageSchema":"1a1c01bbd47fc00a2c39e90264f33305004495a9","hash":"c78f474d423882f126181ac4438d532a96b8c64f"}
,"C:\\Users\\Darshan\\intern-training\\intern-project\\routing.js": {"path":"C:\\Users\\Darshan\\intern-training\\intern-project\\routing.js","statementMap":{"0":{"start":{"line":1,"column":16},"end":{"line":1,"column":34}},"1":{"start":{"line":2,"column":19},"end":{"line":2,"column":41}},"2":{"start":{"line":3,"column":11},"end":{"line":3,"column":61}},"3":{"start":{"line":6,"column":13},"end":{"line":6,"column":28}},"4":{"start":{"line":8,"column":12},"end":{"line":8,"column":21}},"5":{"start":{"line":9,"column":0},"end":{"line":9,"column":27}},"6":{"start":{"line":11,"column":13},"end":{"line":11,"column":37}},"7":{"start":{"line":14,"column":4},"end":{"line":25,"column":5}},"8":{"start":{"line":15,"column":49},"end":{"line":15,"column":57}},"9":{"start":{"line":16,"column":8},"end":{"line":18,"column":9}},"10":{"start":{"line":17,"column":12},"end":{"line":17,"column":108}},"11":{"start":{"line":20,"column":8},"end":{"line":20,"column":69}},"12":{"start":{"line":21,"column":8},"end":{"line":21,"column":61}},"13":{"start":{"line":23,"column":8},"end":{"line":23,"column":29}},"14":{"start":{"line":24,"column":8},"end":{"line":24,"column":65}},"15":{"start":{"line":29,"column":4},"end":{"line":37,"column":5}},"16":{"start":{"line":30,"column":23},"end":{"line":30,"column":33}},"17":{"start":{"line":31,"column":49},"end":{"line":31,"column":57}},"18":{"start":{"line":32,"column":8},"end":{"line":32,"column":83}},"19":{"start":{"line":33,"column":8},"end":{"line":33,"column":54}},"20":{"start":{"line":35,"column":8},"end":{"line":35,"column":29}},"21":{"start":{"line":36,"column":8},"end":{"line":36,"column":65}},"22":{"start":{"line":41,"column":4},"end":{"line":48,"column":5}},"23":{"start":{"line":42,"column":23},"end":{"line":42,"column":33}},"24":{"start":{"line":43,"column":8},"end":{"line":43,"column":48}},"25":{"start":{"line":44,"column":8},"end":{"line":44,"column":54}},"26":{"start":{"line":46,"column":8},"end":{"line":46,"column":29}},"27":{"start":{"line":47,"column":8},"end":{"line":47,"column":65}},"28":{"start":{"line":52,"column":4},"end":{"line":62,"column":5}},"29":{"start":{"line":53,"column":23},"end":{"line":53,"column":33}},"30":{"start":{"line":54,"column":24},"end":{"line":54,"column":79}},"31":{"start":{"line":55,"column":8},"end":{"line":57,"column":9}},"32":{"start":{"line":56,"column":12},"end":{"line":56,"column":72}},"33":{"start":{"line":58,"column":8},"end":{"line":58,"column":26}},"34":{"start":{"line":60,"column":8},"end":{"line":60,"column":29}},"35":{"start":{"line":61,"column":8},"end":{"line":61,"column":65}},"36":{"start":{"line":65,"column":4},"end":{"line":80,"column":5}},"37":{"start":{"line":67,"column":25},"end":{"line":67,"column":56}},"38":{"start":{"line":70,"column":8},"end":{"line":72,"column":9}},"39":{"start":{"line":71,"column":12},"end":{"line":71,"column":72}},"40":{"start":{"line":75,"column":8},"end":{"line":75,"column":27}},"41":{"start":{"line":78,"column":8},"end":{"line":78,"column":29}},"42":{"start":{"line":79,"column":8},"end":{"line":79,"column":65}},"43":{"start":{"line":83,"column":0},"end":{"line":83,"column":37}},"44":{"start":{"line":84,"column":0},"end":{"line":84,"column":42}},"45":{"start":{"line":85,"column":0},"end":{"line":85,"column":43}},"46":{"start":{"line":86,"column":0},"end":{"line":86,"column":41}},"47":{"start":{"line":87,"column":0},"end":{"line":87,"column":37}},"48":{"start":{"line":89,"column":15},"end":{"line":91,"column":2}},"49":{"start":{"line":90,"column":4},"end":{"line":90,"column":53}},"50":{"start":{"line":94,"column":0},"end":{"line":99,"column":2}},"51":{"start":{"line":96,"column":8},"end":{"line":96,"column":23}}},"fnMap":{"0":{"name":"createStudent","decl":{"start":{"line":13,"column":15},"end":{"line":13,"column":28}},"loc":{"start":{"line":13,"column":39},"end":{"line":26,"column":1}},"line":13},"1":{"name":"updateStudent","decl":{"start":{"line":28,"column":15},"end":{"line":28,"column":28}},"loc":{"start":{"line":28,"column":39},"end":{"line":38,"column":1}},"line":28},"2":{"name":"deleteStudent","decl":{"start":{"line":40,"column":15},"end":{"line":40,"column":28}},"loc":{"start":{"line":40,"column":39},"end":{"line":49,"column":1}},"line":40},"3":{"name":"getStudentById","decl":{"start":{"line":51,"column":15},"end":{"line":51,"column":29}},"loc":{"start":{"line":51,"column":40},"end":{"line":63,"column":1}},"line":51},"4":{"name":"getAllStudents","decl":{"start":{"line":64,"column":15},"end":{"line":64,"column":29}},"loc":{"start":{"line":64,"column":40},"end":{"line":81,"column":1}},"line":64},"5":{"name":"(anonymous_5)","decl":{"start":{"line":89,"column":32},"end":{"line":89,"column":33}},"loc":{"start":{"line":89,"column":38},"end":{"line":91,"column":1}},"line":89},"6":{"name":"(anonymous_6)","decl":{"start":{"line":95,"column":17},"end":{"line":95,"column":18}},"loc":{"start":{"line":95,"column":23},"end":{"line":97,"column":5}},"line":95}},"branchMap":{"0":{"loc":{"start":{"line":11,"column":13},"end":{"line":11,"column":37}},"type":"binary-expr","locations":[{"start":{"line":11,"column":13},"end":{"line":11,"column":29}},{"start":{"line":11,"column":33},"end":{"line":11,"column":37}}],"line":11},"1":{"loc":{"start":{"line":16,"column":8},"end":{"line":18,"column":9}},"type":"if","locations":[{"start":{"line":16,"column":8},"end":{"line":18,"column":9}},{"start":{},"end":{}}],"line":16},"2":{"loc":{"start":{"line":16,"column":12},"end":{"line":16,"column":47}},"type":"binary-expr","locations":[{"start":{"line":16,"column":12},"end":{"line":16,"column":23}},{"start":{"line":16,"column":27},"end":{"line":16,"column":37}},{"start":{"line":16,"column":41},"end":{"line":16,"column":47}}],"line":16},"3":{"loc":{"start":{"line":55,"column":8},"end":{"line":57,"column":9}},"type":"if","locations":[{"start":{"line":55,"column":8},"end":{"line":57,"column":9}},{"start":{},"end":{}}],"line":55},"4":{"loc":{"start":{"line":70,"column":8},"end":{"line":72,"column":9}},"type":"if","locations":[{"start":{"line":70,"column":8},"end":{"line":72,"column":9}},{"start":{},"end":{}}],"line":70}},"s":{"0":1,"1":1,"2":1,"3":1,"4":1,"5":1,"6":1,"7":1,"8":1,"9":1,"10":1,"11":0,"12":0,"13":0,"14":0,"15":2,"16":2,"17":2,"18":2,"19":1,"20":1,"21":1,"22":2,"23":2,"24":2,"25":1,"26":1,"27":1,"28":2,"29":2,"30":2,"31":1,"32":1,"33":0,"34":1,"35":1,"36":1,"37":1,"38":1,"39":0,"40":1,"41":0,"42":0,"43":1,"44":1,"45":1,"46":1,"47":1,"48":1,"49":1,"50":1,"51":6},"f":{"0":1,"1":2,"2":2,"3":2,"4":1,"5":1,"6":6},"b":{"0":[1,1],"1":[1,0],"2":[1,0,0],"3":[1,0],"4":[0,1]},"_coverageSchema":"1a1c01bbd47fc00a2c39e90264f33305004495a9","hash":"319e4645ec61736148dad8cbf077eb314c923fce"}
}
