TN:
SF:knexfile.js
FNF:0
FNH:0
DA:1,1
LF:1
LH:1
BRF:0
BRH:0
end_of_record
TN:
SF:routing.js
FN:13,createStudent
FN:28,updateStudent
FN:40,deleteStudent
FN:51,getStudentById
FN:64,getAllStudents
FN:89,(anonymous_5)
FN:95,(anonymous_6)
FNF:7
FNH:7
FNDA:1,createStudent
FNDA:2,updateStudent
FNDA:2,deleteStudent
FNDA:2,getStudentById
FNDA:1,getAllStudents
FNDA:1,(anonymous_5)
FNDA:6,(anonymous_6)
DA:1,1
DA:2,1
DA:3,1
DA:6,1
DA:8,1
DA:9,1
DA:11,1
DA:14,1
DA:15,1
DA:16,1
DA:17,1
DA:20,0
DA:21,0
DA:23,0
DA:24,0
DA:29,2
DA:30,2
DA:31,2
DA:32,2
DA:33,1
DA:35,1
DA:36,1
DA:41,2
DA:42,2
DA:43,2
DA:44,1
DA:46,1
DA:47,1
DA:52,2
DA:53,2
DA:54,2
DA:55,1
DA:56,1
DA:58,0
DA:60,1
DA:61,1
DA:65,1
DA:67,1
DA:70,1
DA:71,0
DA:75,1
DA:78,0
DA:79,0
DA:83,1
DA:84,1
DA:85,1
DA:86,1
DA:87,1
DA:89,1
DA:90,1
DA:94,1
DA:96,6
LF:52
LH:44
BRDA:11,0,0,1
BRDA:11,0,1,1
BRDA:16,1,0,1
BRDA:16,1,1,0
BRDA:16,2,0,1
BRDA:16,2,1,0
BRDA:16,2,2,0
BRDA:55,3,0,1
BRDA:55,3,1,0
BRDA:70,4,0,0
BRDA:70,4,1,1
BRF:11
BRH:6
end_of_record
